app/build/intermediates/manifest_merge_blame_file/debug/manifest-merger-blame-debug-report.txt
1<?xml version="1.0" encoding="utf-8"?>
2<manifest xmlns:android="http://schemas.android.com/apk/res/android"
3    package="com.example.memorymoblieapp"
4    android:versionCode="1"
5    android:versionName="1.0" >
6
7    <uses-sdk
8        android:minSdkVersion="24"
8-->src/main/AndroidManifest.xml
9        android:targetSdkVersion="33" />
9-->src/main/AndroidManifest.xml
10
11    <uses-permission android:name="android.permission.INTERNET" />
11-->src/main/AndroidManifest.xml:5:5-67
11-->src/main/AndroidManifest.xml:5:22-64
12    <uses-permission android:name="android.permission.READ_EXTERNAL_STORAGE" />
12-->src/main/AndroidManifest.xml:6:5-80
12-->src/main/AndroidManifest.xml:6:22-77
13    <uses-permission android:name="android.permission.WRITE_EXTERNAL_STORAGE" />
13-->src/main/AndroidManifest.xml:7:5-81
13-->src/main/AndroidManifest.xml:7:22-78
14
15    <permission
15-->[androidx.core:core:1.9.0] AndroidManifest.xml:22:5-24:47
16        android:name="com.example.memorymoblieapp.DYNAMIC_RECEIVER_NOT_EXPORTED_PERMISSION"
16-->[androidx.core:core:1.9.0] AndroidManifest.xml:23:9-81
17        android:protectionLevel="signature" />
17-->[androidx.core:core:1.9.0] AndroidManifest.xml:24:9-44
18
19    <uses-permission android:name="com.example.memorymoblieapp.DYNAMIC_RECEIVER_NOT_EXPORTED_PERMISSION" />
19-->[androidx.core:core:1.9.0] AndroidManifest.xml:26:5-97
19-->[androidx.core:core:1.9.0] AndroidManifest.xml:26:22-94
20
21    <application
21-->src/main/AndroidManifest.xml:8:5-40:19
22        android:allowBackup="true"
22-->src/main/AndroidManifest.xml:9:9-35
23        android:appComponentFactory="androidx.core.app.CoreComponentFactory"
23-->[androidx.core:core:1.9.0] AndroidManifest.xml:28:18-86
24        android:dataExtractionRules="@xml/data_extraction_rules"
24-->src/main/AndroidManifest.xml:10:9-65
25        android:debuggable="true"
26        android:extractNativeLibs="false"
27        android:fullBackupContent="@xml/backup_rules"
27-->src/main/AndroidManifest.xml:11:9-54
28        android:icon="@mipmap/ic_launcher"
28-->src/main/AndroidManifest.xml:12:9-43
29        android:label="@string/app_name"
29-->src/main/AndroidManifest.xml:13:9-41
30        android:supportsRtl="true"
30-->src/main/AndroidManifest.xml:14:9-35
31        android:testOnly="true"
32        android:theme="@style/Theme.MemoryMobileApp" >
32-->src/main/AndroidManifest.xml:15:9-53
33        <activity
33-->src/main/AndroidManifest.xml:17:9-20:58
34            android:name="com.example.memorymoblieapp.view.ViewEdit"
34-->src/main/AndroidManifest.xml:18:13-42
35            android:exported="false"
35-->src/main/AndroidManifest.xml:19:13-37
36            android:label="@string/activity_edit_view" />
36-->src/main/AndroidManifest.xml:20:13-55
37        <activity
37-->src/main/AndroidManifest.xml:21:9-24:59
38            android:name="com.example.memorymoblieapp.view.ViewImage"
38-->src/main/AndroidManifest.xml:22:13-43
39            android:exported="false"
39-->src/main/AndroidManifest.xml:23:13-37
40            android:label="@string/activity_image_view" />
40-->src/main/AndroidManifest.xml:24:13-56
41        <activity
41-->src/main/AndroidManifest.xml:25:9-27:40
42            android:name="com.example.memorymoblieapp.view.ViewDetails"
42-->src/main/AndroidManifest.xml:26:13-45
43            android:exported="false" />
43-->src/main/AndroidManifest.xml:27:13-37
44        <activity
44-->src/main/AndroidManifest.xml:28:9-30:40
45            android:name="com.example.memorymoblieapp.view.ViewSearch"
45-->src/main/AndroidManifest.xml:29:13-44
46            android:exported="false" />
46-->src/main/AndroidManifest.xml:30:13-37
47        <activity
47-->src/main/AndroidManifest.xml:31:9-39:20
48            android:name="com.example.memorymoblieapp.main.MainActivity"
48-->src/main/AndroidManifest.xml:32:13-46
49            android:exported="true" >
49-->src/main/AndroidManifest.xml:33:13-36
50            <intent-filter>
50-->src/main/AndroidManifest.xml:34:13-38:29
51                <action android:name="android.intent.action.MAIN" />
51-->src/main/AndroidManifest.xml:35:17-69
51-->src/main/AndroidManifest.xml:35:25-66
52
53                <category android:name="android.intent.category.LAUNCHER" />
53-->src/main/AndroidManifest.xml:37:17-77
53-->src/main/AndroidManifest.xml:37:27-74
54            </intent-filter>
55        </activity>
56
57        <provider
57-->[androidx.emoji2:emoji2:1.2.0] AndroidManifest.xml:24:9-32:20
58            android:name="androidx.startup.InitializationProvider"
58-->[androidx.emoji2:emoji2:1.2.0] AndroidManifest.xml:25:13-67
59            android:authorities="com.example.memorymoblieapp.androidx-startup"
59-->[androidx.emoji2:emoji2:1.2.0] AndroidManifest.xml:26:13-68
60            android:exported="false" >
60-->[androidx.emoji2:emoji2:1.2.0] AndroidManifest.xml:27:13-37
61            <meta-data
61-->[androidx.emoji2:emoji2:1.2.0] AndroidManifest.xml:29:13-31:52
62                android:name="androidx.emoji2.text.EmojiCompatInitializer"
62-->[androidx.emoji2:emoji2:1.2.0] AndroidManifest.xml:30:17-75
63                android:value="androidx.startup" />
63-->[androidx.emoji2:emoji2:1.2.0] AndroidManifest.xml:31:17-49
64            <meta-data
64-->[androidx.lifecycle:lifecycle-process:2.4.1] AndroidManifest.xml:31:13-33:52
65                android:name="androidx.lifecycle.ProcessLifecycleInitializer"
65-->[androidx.lifecycle:lifecycle-process:2.4.1] AndroidManifest.xml:32:17-78
66                android:value="androidx.startup" />
66-->[androidx.lifecycle:lifecycle-process:2.4.1] AndroidManifest.xml:33:17-49
67        </provider>
68    </application>
69
70</manifest>